# JRE version: OpenJDK Runtime Environment (8.0_152-b01) (build 1.8.0_152-release-1343-b01)
# Java VM: OpenJDK 64-Bit Server VM (25.152-b01 mixed mode windows-amd64 compressed oops)
Heap:
 PSYoungGen      total 369152K, used 182639K [0x00000000e0000000, 0x00000000fac00000, 0x0000000100000000)
  eden space 322560K, 54% used [0x00000000e0000000,0x00000000eaa29478,0x00000000f3b00000)
  from space 46592K, 18% used [0x00000000f6880000,0x00000000f70b2a60,0x00000000f9600000)
  to   space 46592K, 0% used [0x00000000f3b00000,0x00000000f3b00000,0x00000000f6880000)
 ParOldGen       total 204288K, used 56659K [0x00000000a0000000, 0x00000000ac780000, 0x00000000e0000000)
  object space 204288K, 27% used [0x00000000a0000000,0x00000000a3754d98,0x00000000ac780000)
 Metaspace       used 106656K, capacity 112131K, committed 112896K, reserved 1146880K
  class space    used 13357K, capacity 14325K, committed 14592K, reserved 1048576K
GC Heap History (10 events):
Event: 3382.287 GC heap before
{Heap before GC invocations=31 (full 4):
 PSYoungGen      total 339968K, used 321740K [0x00000000e0000000, 0x00000000f8280000, 0x0000000100000000)
  eden space 297472K, 100% used [0x00000000e0000000,0x00000000f2280000,0x00000000f2280000)
  from space 42496K, 57% used [0x00000000f5900000,0x00000000f70b30f0,0x00000000f8280000)
  to   space 49152K, 0% used [0x00000000f2280000,0x00000000f2280000,0x00000000f5280000)
 ParOldGen       total 204288K, used 156235K [0x00000000a0000000, 0x00000000ac780000, 0x00000000e0000000)
  object space 204288K, 76% used [0x00000000a0000000,0x00000000a9892cd8,0x00000000ac780000)
 Metaspace       used 106043K, capacity 111298K, committed 111488K, reserved 1146880K
  class space    used 13425K, capacity 14385K, committed 14464K, reserved 1048576K
Event: 3382.480 GC heap after
Heap after GC invocations=31 (full 4):
 PSYoungGen      total 346624K, used 28046K [0x00000000e0000000, 0x00000000f9f80000, 0x0000000100000000)
  eden space 297472K, 0% used [0x00000000e0000000,0x00000000e0000000,0x00000000f2280000)
  from space 49152K, 57% used [0x00000000f2280000,0x00000000f3de38c0,0x00000000f5280000)
  to   space 49152K, 0% used [0x00000000f6f80000,0x00000000f6f80000,0x00000000f9f80000)
 ParOldGen       total 204288K, used 156243K [0x00000000a0000000, 0x00000000ac780000, 0x00000000e0000000)
  object space 204288K, 76% used [0x00000000a0000000,0x00000000a9894cd8,0x00000000ac780000)
 Metaspace       used 106043K, capacity 111298K, committed 111488K, reserved 1146880K
  class space    used 13425K, capacity 14385K, committed 14464K, reserved 1048576K
}
Event: 3450.301 GC heap before
{Heap before GC invocations=32 (full 4):
 PSYoungGen      total 346624K, used 325047K [0x00000000e0000000, 0x00000000f9f80000, 0x0000000100000000)
  eden space 297472K, 99% used [0x00000000e0000000,0x00000000f220a710,0x00000000f2280000)
  from space 49152K, 57% used [0x00000000f2280000,0x00000000f3de38c0,0x00000000f5280000)
  to   space 49152K, 0% used [0x00000000f6f80000,0x00000000f6f80000,0x00000000f9f80000)
 ParOldGen       total 204288K, used 156243K [0x00000000a0000000, 0x00000000ac780000, 0x00000000e0000000)
  object space 204288K, 76% used [0x00000000a0000000,0x00000000a9894cd8,0x00000000ac780000)
 Metaspace       used 106565K, capacity 111976K, committed 112000K, reserved 1146880K
  class space    used 13458K, capacity 14442K, committed 14464K, reserved 1048576K
Event: 3450.341 GC heap after
Heap after GC invocations=32 (full 4):
 PSYoungGen      total 367104K, used 28228K [0x00000000e0000000, 0x00000000f9b00000, 0x0000000100000000)
  eden space 322560K, 0% used [0x00000000e0000000,0x00000000e0000000,0x00000000f3b00000)
  from space 44544K, 63% used [0x00000000f6f80000,0x00000000f8b111a0,0x00000000f9b00000)
  to   space 49152K, 0% used [0x00000000f3b00000,0x00000000f3b00000,0x00000000f6b00000)
 ParOldGen       total 204288K, used 156251K [0x00000000a0000000, 0x00000000ac780000, 0x00000000e0000000)
  object space 204288K, 76% used [0x00000000a0000000,0x00000000a9896cd8,0x00000000ac780000)
 Metaspace       used 106565K, capacity 111976K, committed 112000K, reserved 1146880K
  class space    used 13458K, capacity 14442K, committed 14464K, reserved 1048576K
}
Event: 3858.127 GC heap before
{Heap before GC invocations=33 (full 4):
 PSYoungGen      total 367104K, used 219194K [0x00000000e0000000, 0x00000000f9b00000, 0x0000000100000000)
  eden space 322560K, 59% used [0x00000000e0000000,0x00000000eba7d970,0x00000000f3b00000)
  from space 44544K, 63% used [0x00000000f6f80000,0x00000000f8b111a0,0x00000000f9b00000)
  to   space 49152K, 0% used [0x00000000f3b00000,0x00000000f3b00000,0x00000000f6b00000)
 ParOldGen       total 204288K, used 156251K [0x00000000a0000000, 0x00000000ac780000, 0x00000000e0000000)
  object space 204288K, 76% used [0x00000000a0000000,0x00000000a9896cd8,0x00000000ac780000)
 Metaspace       used 107177K, capacity 112835K, committed 112896K, reserved 1146880K
  class space    used 13517K, capacity 14556K, committed 14592K, reserved 1048576K
Event: 3858.215 GC heap after
Heap after GC invocations=33 (full 4):
 PSYoungGen      total 345088K, used 22022K [0x00000000e0000000, 0x00000000f9600000, 0x0000000100000000)
  eden space 322560K, 0% used [0x00000000e0000000,0x00000000e0000000,0x00000000f3b00000)
  from space 22528K, 97% used [0x00000000f3b00000,0x00000000f5081b68,0x00000000f5100000)
  to   space 46592K, 0% used [0x00000000f6880000,0x00000000f6880000,0x00000000f9600000)
 ParOldGen       total 204288K, used 156259K [0x00000000a0000000, 0x00000000ac780000, 0x00000000e0000000)
  object space 204288K, 76% used [0x00000000a0000000,0x00000000a9898cd8,0x00000000ac780000)
 Metaspace       used 107177K, capacity 112835K, committed 112896K, reserved 1146880K
  class space    used 13517K, capacity 14556K, committed 14592K, reserved 1048576K
}
Event: 3858.215 GC heap before
{Heap before GC invocations=34 (full 5):
 PSYoungGen      total 345088K, used 22022K [0x00000000e0000000, 0x00000000f9600000, 0x0000000100000000)
  eden space 322560K, 0% used [0x00000000e0000000,0x00000000e0000000,0x00000000f3b00000)
  from space 22528K, 97% used [0x00000000f3b00000,0x00000000f5081b68,0x00000000f5100000)
  to   space 46592K, 0% used [0x00000000f6880000,0x00000000f6880000,0x00000000f9600000)
 ParOldGen       total 204288K, used 156259K [0x00000000a0000000, 0x00000000ac780000, 0x00000000e0000000)
  object space 204288K, 76% used [0x00000000a0000000,0x00000000a9898cd8,0x00000000ac780000)
 Metaspace       used 107177K, capacity 112835K, committed 112896K, reserved 1146880K
  class space    used 13517K, capacity 14556K, committed 14592K, reserved 1048576K
Event: 3860.847 GC heap after
Heap after GC invocations=34 (full 5):
 PSYoungGen      total 345088K, used 0K [0x00000000e0000000, 0x00000000f9600000, 0x0000000100000000)
  eden space 322560K, 0% used [0x00000000e0000000,0x00000000e0000000,0x00000000f3b00000)
  from space 22528K, 0% used [0x00000000f3b00000,0x00000000f3b00000,0x00000000f5100000)
  to   space 46592K, 0% used [0x00000000f6880000,0x00000000f6880000,0x00000000f9600000)
 ParOldGen       total 204288K, used 56651K [0x00000000a0000000, 0x00000000ac780000, 0x00000000e0000000)
  object space 204288K, 27% used [0x00000000a0000000,0x00000000a3752d98,0x00000000ac780000)
 Metaspace       used 105629K, capacity 110625K, committed 112896K, reserved 1146880K
  class space    used 13260K, capacity 14166K, committed 14592K, reserved 1048576K
}
Event: 4479.325 GC heap before
{Heap before GC invocations=35 (full 5):
 PSYoungGen      total 345088K, used 322560K [0x00000000e0000000, 0x00000000f9600000, 0x0000000100000000)
  eden space 322560K, 100% used [0x00000000e0000000,0x00000000f3b00000,0x00000000f3b00000)
  from space 22528K, 0% used [0x00000000f3b00000,0x00000000f3b00000,0x00000000f5100000)
  to   space 46592K, 0% used [0x00000000f6880000,0x00000000f6880000,0x00000000f9600000)
 ParOldGen       total 204288K, used 56651K [0x00000000a0000000, 0x00000000ac780000, 0x00000000e0000000)
  object space 204288K, 27% used [0x00000000a0000000,0x00000000a3752d98,0x00000000ac780000)
 Metaspace       used 106129K, capacity 111275K, committed 112896K, reserved 1146880K
  class space    used 13290K, capacity 14221K, committed 14592K, reserved 1048576K
Event: 4480.117 GC heap after
Heap after GC invocations=35 (full 5):
 PSYoungGen      total 369152K, used 8394K [0x00000000e0000000, 0x00000000fac00000, 0x0000000100000000)
  eden space 322560K, 0% used [0x00000000e0000000,0x00000000e0000000,0x00000000f3b00000)
  from space 46592K, 18% used [0x00000000f6880000,0x00000000f70b2a60,0x00000000f9600000)
  to   space 46592K, 0% used [0x00000000f3b00000,0x00000000f3b00000,0x00000000f6880000)
 ParOldGen       total 204288K, used 56659K [0x00000000a0000000, 0x00000000ac780000, 0x00000000e0000000)
  object space 204288K, 27% used [0x00000000a0000000,0x00000000a3754d98,0x00000000ac780000)
 Metaspace       used 106129K, capacity 111275K, committed 112896K, reserved 1146880K
  class space    used 13290K, capacity 14221K, committed 14592K, reserved 1048576K
}

