# JRE version: OpenJDK Runtime Environment (8.0_152-b01) (build 1.8.0_152-release-1343-b01)
# Java VM: OpenJDK 64-Bit Server VM (25.152-b01 mixed mode windows-amd64 compressed oops)
Heap:
 PSYoungGen      total 74752K, used 29052K [0x00000000e0000000, 0x00000000e5280000, 0x0000000100000000)
  eden space 64512K, 35% used [0x00000000e0000000,0x00000000e1696fe0,0x00000000e3f00000)
  from space 10240K, 57% used [0x00000000e4880000,0x00000000e4e48088,0x00000000e5280000)
  to   space 9728K, 0% used [0x00000000e3f00000,0x00000000e3f00000,0x00000000e4880000)
 ParOldGen       total 47616K, used 7855K [0x00000000a0000000, 0x00000000a2e80000, 0x00000000e0000000)
  object space 47616K, 16% used [0x00000000a0000000,0x00000000a07abd40,0x00000000a2e80000)
 Metaspace       used 29658K, capacity 30254K, committed 30336K, reserved 1075200K
  class space    used 4019K, capacity 4201K, committed 4224K, reserved 1048576K
GC Heap History (10 events):
Event: 31.978 GC heap before
{Heap before GC invocations=5 (full 0):
 PSYoungGen      total 38400K, used 38368K [0x00000000e0000000, 0x00000000e2a80000, 0x0000000100000000)
  eden space 33280K, 100% used [0x00000000e0000000,0x00000000e2080000,0x00000000e2080000)
  from space 5120K, 99% used [0x00000000e2580000,0x00000000e2a78040,0x00000000e2a80000)
  to   space 5120K, 0% used [0x00000000e2080000,0x00000000e2080000,0x00000000e2580000)
 ParOldGen       total 87552K, used 4964K [0x00000000a0000000, 0x00000000a5580000, 0x00000000e0000000)
  object space 87552K, 5% used [0x00000000a0000000,0x00000000a04d9178,0x00000000a5580000)
 Metaspace       used 19406K, capacity 19838K, committed 19968K, reserved 1067008K
  class space    used 2792K, capacity 2959K, committed 3072K, reserved 1048576K
Event: 31.986 GC heap after
Heap after GC invocations=5 (full 0):
 PSYoungGen      total 37888K, used 5092K [0x00000000e0000000, 0x00000000e3500000, 0x0000000100000000)
  eden space 32768K, 0% used [0x00000000e0000000,0x00000000e0000000,0x00000000e2000000)
  from space 5120K, 99% used [0x00000000e2080000,0x00000000e2579050,0x00000000e2580000)
  to   space 10752K, 0% used [0x00000000e2a80000,0x00000000e2a80000,0x00000000e3500000)
 ParOldGen       total 87552K, used 8765K [0x00000000a0000000, 0x00000000a5580000, 0x00000000e0000000)
  object space 87552K, 10% used [0x00000000a0000000,0x00000000a088f458,0x00000000a5580000)
 Metaspace       used 19406K, capacity 19838K, committed 19968K, reserved 1067008K
  class space    used 2792K, capacity 2959K, committed 3072K, reserved 1048576K
}
Event: 32.086 GC heap before
{Heap before GC invocations=6 (full 0):
 PSYoungGen      total 37888K, used 13581K [0x00000000e0000000, 0x00000000e3500000, 0x0000000100000000)
  eden space 32768K, 25% used [0x00000000e0000000,0x00000000e084a5d8,0x00000000e2000000)
  from space 5120K, 99% used [0x00000000e2080000,0x00000000e2579050,0x00000000e2580000)
  to   space 10752K, 0% used [0x00000000e2a80000,0x00000000e2a80000,0x00000000e3500000)
 ParOldGen       total 87552K, used 8765K [0x00000000a0000000, 0x00000000a5580000, 0x00000000e0000000)
  object space 87552K, 10% used [0x00000000a0000000,0x00000000a088f458,0x00000000a5580000)
 Metaspace       used 20681K, capacity 21118K, committed 21296K, reserved 1067008K
  class space    used 2902K, capacity 3087K, committed 3200K, reserved 1048576K
Event: 32.092 GC heap after
Heap after GC invocations=6 (full 0):
 PSYoungGen      total 43520K, used 6642K [0x00000000e0000000, 0x00000000e3500000, 0x0000000100000000)
  eden space 32768K, 0% used [0x00000000e0000000,0x00000000e0000000,0x00000000e2000000)
  from space 10752K, 61% used [0x00000000e2a80000,0x00000000e30fc9f8,0x00000000e3500000)
  to   space 5120K, 0% used [0x00000000e2080000,0x00000000e2080000,0x00000000e2580000)
 ParOldGen       total 87552K, used 8773K [0x00000000a0000000, 0x00000000a5580000, 0x00000000e0000000)
  object space 87552K, 10% used [0x00000000a0000000,0x00000000a0891458,0x00000000a5580000)
 Metaspace       used 20681K, capacity 21118K, committed 21296K, reserved 1067008K
  class space    used 2902K, capacity 3087K, committed 3200K, reserved 1048576K
}
Event: 32.092 GC heap before
{Heap before GC invocations=7 (full 1):
 PSYoungGen      total 43520K, used 6642K [0x00000000e0000000, 0x00000000e3500000, 0x0000000100000000)
  eden space 32768K, 0% used [0x00000000e0000000,0x00000000e0000000,0x00000000e2000000)
  from space 10752K, 61% used [0x00000000e2a80000,0x00000000e30fc9f8,0x00000000e3500000)
  to   space 5120K, 0% used [0x00000000e2080000,0x00000000e2080000,0x00000000e2580000)
 ParOldGen       total 87552K, used 8773K [0x00000000a0000000, 0x00000000a5580000, 0x00000000e0000000)
  object space 87552K, 10% used [0x00000000a0000000,0x00000000a0891458,0x00000000a5580000)
 Metaspace       used 20681K, capacity 21118K, committed 21296K, reserved 1067008K
  class space    used 2902K, capacity 3087K, committed 3200K, reserved 1048576K
Event: 32.123 GC heap after
Heap after GC invocations=7 (full 1):
 PSYoungGen      total 43520K, used 0K [0x00000000e0000000, 0x00000000e3500000, 0x0000000100000000)
  eden space 32768K, 0% used [0x00000000e0000000,0x00000000e0000000,0x00000000e2000000)
  from space 10752K, 0% used [0x00000000e2a80000,0x00000000e2a80000,0x00000000e3500000)
  to   space 5120K, 0% used [0x00000000e2080000,0x00000000e2080000,0x00000000e2580000)
 ParOldGen       total 47616K, used 7839K [0x00000000a0000000, 0x00000000a2e80000, 0x00000000e0000000)
  object space 47616K, 16% used [0x00000000a0000000,0x00000000a07a7d40,0x00000000a2e80000)
 Metaspace       used 20681K, capacity 21118K, committed 21296K, reserved 1067008K
  class space    used 2902K, capacity 3087K, committed 3200K, reserved 1048576K
}
Event: 32.651 GC heap before
{Heap before GC invocations=8 (full 1):
 PSYoungGen      total 43520K, used 32768K [0x00000000e0000000, 0x00000000e3500000, 0x0000000100000000)
  eden space 32768K, 100% used [0x00000000e0000000,0x00000000e2000000,0x00000000e2000000)
  from space 10752K, 0% used [0x00000000e2a80000,0x00000000e2a80000,0x00000000e3500000)
  to   space 5120K, 0% used [0x00000000e2080000,0x00000000e2080000,0x00000000e2580000)
 ParOldGen       total 47616K, used 7839K [0x00000000a0000000, 0x00000000a2e80000, 0x00000000e0000000)
  object space 47616K, 16% used [0x00000000a0000000,0x00000000a07a7d40,0x00000000a2e80000)
 Metaspace       used 25710K, capacity 26122K, committed 26240K, reserved 1071104K
  class space    used 3464K, capacity 3640K, committed 3712K, reserved 1048576K
Event: 32.655 GC heap after
Heap after GC invocations=8 (full 1):
 PSYoungGen      total 38400K, used 4461K [0x00000000e0000000, 0x00000000e5280000, 0x0000000100000000)
  eden space 33280K, 0% used [0x00000000e0000000,0x00000000e0000000,0x00000000e2080000)
  from space 5120K, 87% used [0x00000000e2080000,0x00000000e24db6e8,0x00000000e2580000)
  to   space 10240K, 0% used [0x00000000e4880000,0x00000000e4880000,0x00000000e5280000)
 ParOldGen       total 47616K, used 7847K [0x00000000a0000000, 0x00000000a2e80000, 0x00000000e0000000)
  object space 47616K, 16% used [0x00000000a0000000,0x00000000a07a9d40,0x00000000a2e80000)
 Metaspace       used 25710K, capacity 26122K, committed 26240K, reserved 1071104K
  class space    used 3464K, capacity 3640K, committed 3712K, reserved 1048576K
}
Event: 32.979 GC heap before
{Heap before GC invocations=9 (full 1):
 PSYoungGen      total 38400K, used 37741K [0x00000000e0000000, 0x00000000e5280000, 0x0000000100000000)
  eden space 33280K, 100% used [0x00000000e0000000,0x00000000e2080000,0x00000000e2080000)
  from space 5120K, 87% used [0x00000000e2080000,0x00000000e24db6e8,0x00000000e2580000)
  to   space 10240K, 0% used [0x00000000e4880000,0x00000000e4880000,0x00000000e5280000)
 ParOldGen       total 47616K, used 7847K [0x00000000a0000000, 0x00000000a2e80000, 0x00000000e0000000)
  object space 47616K, 16% used [0x00000000a0000000,0x00000000a07a9d40,0x00000000a2e80000)
 Metaspace       used 28797K, capacity 29302K, committed 29440K, reserved 1075200K
  class space    used 3869K, capacity 4034K, committed 4096K, reserved 1048576K
Event: 32.984 GC heap after
Heap after GC invocations=9 (full 1):
 PSYoungGen      total 74752K, used 5920K [0x00000000e0000000, 0x00000000e5280000, 0x0000000100000000)
  eden space 64512K, 0% used [0x00000000e0000000,0x00000000e0000000,0x00000000e3f00000)
  from space 10240K, 57% used [0x00000000e4880000,0x00000000e4e48088,0x00000000e5280000)
  to   space 9728K, 0% used [0x00000000e3f00000,0x00000000e3f00000,0x00000000e4880000)
 ParOldGen       total 47616K, used 7855K [0x00000000a0000000, 0x00000000a2e80000, 0x00000000e0000000)
  object space 47616K, 16% used [0x00000000a0000000,0x00000000a07abd40,0x00000000a2e80000)
 Metaspace       used 28797K, capacity 29302K, committed 29440K, reserved 1075200K
  class space    used 3869K, capacity 4034K, committed 4096K, reserved 1048576K
}

