# JRE version: OpenJDK Runtime Environment (8.0_152-b01) (build 1.8.0_152-release-1343-b01)
# Java VM: OpenJDK 64-Bit Server VM (25.152-b01 mixed mode windows-amd64 compressed oops)
Heap:
 PSYoungGen      total 189952K, used 65386K [0x00000000e0000000, 0x00000000ee200000, 0x0000000100000000)
  eden space 175616K, 29% used [0x00000000e0000000,0x00000000e3233bc8,0x00000000eab80000)
  from space 14336K, 97% used [0x00000000ed400000,0x00000000ee1a6cb8,0x00000000ee200000)
  to   space 16896K, 0% used [0x00000000ec100000,0x00000000ec100000,0x00000000ed180000)
 ParOldGen       total 80384K, used 34517K [0x00000000a0000000, 0x00000000a4e80000, 0x00000000e0000000)
  object space 80384K, 42% used [0x00000000a0000000,0x00000000a21b5538,0x00000000a4e80000)
 Metaspace       used 66407K, capacity 68451K, committed 68568K, reserved 1107968K
  class space    used 8960K, capacity 9416K, committed 9472K, reserved 1048576K
GC Heap History (10 events):
Event: 16.495 GC heap before
{Heap before GC invocations=11 (full 2):
 PSYoungGen      total 120320K, used 10012K [0x00000000e0000000, 0x00000000ea780000, 0x0000000100000000)
  eden space 109568K, 0% used [0x00000000e0000000,0x00000000e0000000,0x00000000e6b00000)
  from space 10752K, 93% used [0x00000000e6b00000,0x00000000e74c7310,0x00000000e7580000)
  to   space 11776K, 0% used [0x00000000e9c00000,0x00000000e9c00000,0x00000000ea780000)
 ParOldGen       total 56832K, used 7864K [0x00000000a0000000, 0x00000000a3780000, 0x00000000e0000000)
  object space 56832K, 13% used [0x00000000a0000000,0x00000000a07ae1e0,0x00000000a3780000)
 Metaspace       used 34728K, capacity 35418K, committed 35456K, reserved 1079296K
  class space    used 4781K, capacity 4986K, committed 4992K, reserved 1048576K
Event: 16.543 GC heap after
Heap after GC invocations=11 (full 2):
 PSYoungGen      total 120320K, used 0K [0x00000000e0000000, 0x00000000ea780000, 0x0000000100000000)
  eden space 109568K, 0% used [0x00000000e0000000,0x00000000e0000000,0x00000000e6b00000)
  from space 10752K, 0% used [0x00000000e6b00000,0x00000000e6b00000,0x00000000e7580000)
  to   space 11776K, 0% used [0x00000000e9c00000,0x00000000e9c00000,0x00000000ea780000)
 ParOldGen       total 80384K, used 16825K [0x00000000a0000000, 0x00000000a4e80000, 0x00000000e0000000)
  object space 80384K, 20% used [0x00000000a0000000,0x00000000a106e798,0x00000000a4e80000)
 Metaspace       used 34722K, capacity 35400K, committed 35456K, reserved 1079296K
  class space    used 4780K, capacity 4983K, committed 4992K, reserved 1048576K
}
Event: 18.008 GC heap before
{Heap before GC invocations=12 (full 2):
 PSYoungGen      total 120320K, used 109568K [0x00000000e0000000, 0x00000000ea780000, 0x0000000100000000)
  eden space 109568K, 100% used [0x00000000e0000000,0x00000000e6b00000,0x00000000e6b00000)
  from space 10752K, 0% used [0x00000000e6b00000,0x00000000e6b00000,0x00000000e7580000)
  to   space 11776K, 0% used [0x00000000e9c00000,0x00000000e9c00000,0x00000000ea780000)
 ParOldGen       total 80384K, used 16825K [0x00000000a0000000, 0x00000000a4e80000, 0x00000000e0000000)
  object space 80384K, 20% used [0x00000000a0000000,0x00000000a106e798,0x00000000a4e80000)
 Metaspace       used 44977K, capacity 45930K, committed 46336K, reserved 1089536K
  class space    used 6036K, capacity 6274K, committed 6400K, reserved 1048576K
Event: 18.022 GC heap after
Heap after GC invocations=12 (full 2):
 PSYoungGen      total 157696K, used 11758K [0x00000000e0000000, 0x00000000eb000000, 0x0000000100000000)
  eden space 145920K, 0% used [0x00000000e0000000,0x00000000e0000000,0x00000000e8e80000)
  from space 11776K, 99% used [0x00000000e9c00000,0x00000000ea77b900,0x00000000ea780000)
  to   space 13824K, 0% used [0x00000000e8e80000,0x00000000e8e80000,0x00000000e9c00000)
 ParOldGen       total 80384K, used 19715K [0x00000000a0000000, 0x00000000a4e80000, 0x00000000e0000000)
  object space 80384K, 24% used [0x00000000a0000000,0x00000000a1340c20,0x00000000a4e80000)
 Metaspace       used 44977K, capacity 45930K, committed 46336K, reserved 1089536K
  class space    used 6036K, capacity 6274K, committed 6400K, reserved 1048576K
}
Event: 20.263 GC heap before
{Heap before GC invocations=13 (full 2):
 PSYoungGen      total 157696K, used 143083K [0x00000000e0000000, 0x00000000eb000000, 0x0000000100000000)
  eden space 145920K, 89% used [0x00000000e0000000,0x00000000e803f3f8,0x00000000e8e80000)
  from space 11776K, 99% used [0x00000000e9c00000,0x00000000ea77b900,0x00000000ea780000)
  to   space 13824K, 0% used [0x00000000e8e80000,0x00000000e8e80000,0x00000000e9c00000)
 ParOldGen       total 80384K, used 19715K [0x00000000a0000000, 0x00000000a4e80000, 0x00000000e0000000)
  object space 80384K, 24% used [0x00000000a0000000,0x00000000a1340c20,0x00000000a4e80000)
 Metaspace       used 57479K, capacity 58995K, committed 59096K, reserved 1099776K
  class space    used 7754K, capacity 8091K, committed 8192K, reserved 1048576K
Event: 20.287 GC heap after
Heap after GC invocations=13 (full 2):
 PSYoungGen      total 159744K, used 13540K [0x00000000e0000000, 0x00000000ee300000, 0x0000000100000000)
  eden space 145920K, 0% used [0x00000000e0000000,0x00000000e0000000,0x00000000e8e80000)
  from space 13824K, 97% used [0x00000000e8e80000,0x00000000e9bb90b8,0x00000000e9c00000)
  to   space 15360K, 0% used [0x00000000ed400000,0x00000000ed400000,0x00000000ee300000)
 ParOldGen       total 80384K, used 27096K [0x00000000a0000000, 0x00000000a4e80000, 0x00000000e0000000)
  object space 80384K, 33% used [0x00000000a0000000,0x00000000a1a76278,0x00000000a4e80000)
 Metaspace       used 57479K, capacity 58995K, committed 59096K, reserved 1099776K
  class space    used 7754K, capacity 8091K, committed 8192K, reserved 1048576K
}
Event: 20.287 GC heap before
{Heap before GC invocations=14 (full 3):
 PSYoungGen      total 159744K, used 13540K [0x00000000e0000000, 0x00000000ee300000, 0x0000000100000000)
  eden space 145920K, 0% used [0x00000000e0000000,0x00000000e0000000,0x00000000e8e80000)
  from space 13824K, 97% used [0x00000000e8e80000,0x00000000e9bb90b8,0x00000000e9c00000)
  to   space 15360K, 0% used [0x00000000ed400000,0x00000000ed400000,0x00000000ee300000)
 ParOldGen       total 80384K, used 27096K [0x00000000a0000000, 0x00000000a4e80000, 0x00000000e0000000)
  object space 80384K, 33% used [0x00000000a0000000,0x00000000a1a76278,0x00000000a4e80000)
 Metaspace       used 57479K, capacity 58995K, committed 59096K, reserved 1099776K
  class space    used 7754K, capacity 8091K, committed 8192K, reserved 1048576K
Event: 20.464 GC heap after
Heap after GC invocations=14 (full 3):
 PSYoungGen      total 159744K, used 0K [0x00000000e0000000, 0x00000000ee300000, 0x0000000100000000)
  eden space 145920K, 0% used [0x00000000e0000000,0x00000000e0000000,0x00000000e8e80000)
  from space 13824K, 0% used [0x00000000e8e80000,0x00000000e8e80000,0x00000000e9c00000)
  to   space 15360K, 0% used [0x00000000ed400000,0x00000000ed400000,0x00000000ee300000)
 ParOldGen       total 80384K, used 34509K [0x00000000a0000000, 0x00000000a4e80000, 0x00000000e0000000)
  object space 80384K, 42% used [0x00000000a0000000,0x00000000a21b3538,0x00000000a4e80000)
 Metaspace       used 57479K, capacity 58995K, committed 59096K, reserved 1099776K
  class space    used 7754K, capacity 8091K, committed 8192K, reserved 1048576K
}
Event: 25.165 GC heap before
{Heap before GC invocations=15 (full 3):
 PSYoungGen      total 159744K, used 145920K [0x00000000e0000000, 0x00000000ee300000, 0x0000000100000000)
  eden space 145920K, 100% used [0x00000000e0000000,0x00000000e8e80000,0x00000000e8e80000)
  from space 13824K, 0% used [0x00000000e8e80000,0x00000000e8e80000,0x00000000e9c00000)
  to   space 15360K, 0% used [0x00000000ed400000,0x00000000ed400000,0x00000000ee300000)
 ParOldGen       total 80384K, used 34509K [0x00000000a0000000, 0x00000000a4e80000, 0x00000000e0000000)
  object space 80384K, 42% used [0x00000000a0000000,0x00000000a21b3538,0x00000000a4e80000)
 Metaspace       used 62928K, capacity 64949K, committed 65368K, reserved 1105920K
  class space    used 8491K, capacity 8974K, committed 9088K, reserved 1048576K
Event: 25.181 GC heap after
Heap after GC invocations=15 (full 3):
 PSYoungGen      total 189952K, used 13979K [0x00000000e0000000, 0x00000000ee200000, 0x0000000100000000)
  eden space 175616K, 0% used [0x00000000e0000000,0x00000000e0000000,0x00000000eab80000)
  from space 14336K, 97% used [0x00000000ed400000,0x00000000ee1a6cb8,0x00000000ee200000)
  to   space 16896K, 0% used [0x00000000ec100000,0x00000000ec100000,0x00000000ed180000)
 ParOldGen       total 80384K, used 34517K [0x00000000a0000000, 0x00000000a4e80000, 0x00000000e0000000)
  object space 80384K, 42% used [0x00000000a0000000,0x00000000a21b5538,0x00000000a4e80000)
 Metaspace       used 62928K, capacity 64949K, committed 65368K, reserved 1105920K
  class space    used 8491K, capacity 8974K, committed 9088K, reserved 1048576K
}

